<?xml version="1.0" encoding="UTF-8"?>
<!-- Generated by org.testng.reporters.JUnitReportReporter -->
<testsuite hostname="GuddiShivankar" failures="0" tests="2" name="Tests.DemoFormTest" time="62.037" errors="0" timestamp="2024-03-04T10:06:27 IST" skipped="0">
  <testcase classname="Tests.DemoFormTest" name="E2ETestForFillForm" time="60.951"/>
  <testcase classname="Tests.DemoFormTest" name="VerifylinkEntrata" time="1.086"/>
</testsuite> <!-- Tests.DemoFormTest -->
