<?xml version="1.0" encoding="UTF-8"?>
<!-- Generated by org.testng.reporters.JUnitReportReporter -->
<testsuite hostname="GuddiShivankar" failures="0" tests="3" name="Tests.HomePageTest" time="43.394" errors="0" timestamp="2024-03-04T10:06:27 IST" skipped="0">
  <testcase classname="Tests.HomePageTest" name="verifyPageUrl" time="0.624"/>
  <testcase classname="Tests.HomePageTest" name="verifyAllThePageLinks" time="35.425"/>
  <testcase classname="Tests.HomePageTest" name="verifyAllTheLinkInProduct" time="7.345"/>
</testsuite> <!-- Tests.HomePageTest -->
